<?xml version="1.0" encoding="UTF-8" ?>
<testsuite tests="4" failures="0" name="com.krrz.test.CategoryServiceTest" time="0" errors="0" skipped="0">
  <properties>
[...]
</properties>
  <testcase classname="com.krrz.test.CategoryServiceTest" name="com.krrz.test.CategoryServiceTest.testDeleteById" time="0"/>
  <testcase classname="com.krrz.test.CategoryServiceTest" name="com.krrz.test.CategoryServiceTest.testAddCategory" time="0"/>
  <testcase classname="com.krrz.test.CategoryServiceTest" name="com.krrz.test.CategoryServiceTest.testUpdateCategory" time="0"/>
  <testcase classname="com.krrz.test.CategoryServiceTest" name="com.krrz.test.CategoryServiceTest.testGetCategoryById" time="0"/>
</testsuite>